<?xml version="1.0" encoding="utf-8" standalone="no"?>
<!--This file represents the results of running a test suite-->
<test-results name="C:\Users\Irina_Pisarik\Documents\Visual Studio 2013\Projects\gmail\gmail\bin\debug\GMail.dll" total="3" errors="2" failures="0" not-run="0" inconclusive="0" ignored="0" skipped="0" invalid="0" date="2015-04-28" time="18:03:31">
  <environment nunit-version="2.6.4.14350" clr-version="2.0.50727.5485" os-version="Microsoft Windows NT 6.1.7601 Service Pack 1" platform="Win32NT" cwd="C:\Program Files (x86)\NUnit 2.6.4\bin" machine-name="EPBYMINW4455" user="Iryna_Pisaryk" user-domain="MINSK" />
  <culture-info current-culture="en-US" current-uiculture="en-US" />
  <test-suite type="Assembly" name="C:\Users\Irina_Pisarik\Documents\Visual Studio 2013\Projects\gmail\gmail\bin\debug\GMail.dll" executed="True" result="Failure" success="False" time="77.716" asserts="0">
    <results>
      <test-suite type="Namespace" name="GMail" executed="True" result="Failure" success="False" time="77.696" asserts="0">
        <results>
          <test-suite type="Namespace" name="_1" executed="True" result="Failure" success="False" time="77.695" asserts="0">
            <results>
              <test-suite type="Namespace" name="_9" executed="True" result="Failure" success="False" time="77.695" asserts="0">
                <results>
                  <test-suite type="TestFixture" name="IsBothShortcutHasSameColour" executed="True" result="Failure" success="False" time="77.691" asserts="0">
                    <results>
                      <test-case name="GMail._1._9.IsBothShortcutHasSameColour._Step_A_ShotcutDialog" executed="True" result="Success" success="True" time="4.396" asserts="0" />
                      <test-case name="GMail._1._9.IsBothShortcutHasSameColour._Step_B_SetColour" executed="True" result="Error" success="False" time="60.058" asserts="0">
                        <failure>
                          <message><![CDATA[OpenQA.Selenium.WebDriverException : The HTTP request to the remote WebDriver server for URL http://localhost:7055/hub/session/94127bda-a4e8-4787-800f-89290d120949/element timed out after 60 seconds.
  ----> System.Net.WebException : The operation has timed out]]></message>
                          <stack-trace><![CDATA[at OpenQA.Selenium.Remote.HttpCommandExecutor.CreateResponse(WebRequest request)
at OpenQA.Selenium.Firefox.FirefoxDriverCommandExecutor.Execute(Command commandToExecute)
at OpenQA.Selenium.Remote.RemoteWebDriver.Execute(String driverCommandToExecute, Dictionary`2 parameters)
at OpenQA.Selenium.Remote.RemoteWebDriver.FindElement(String mechanism, String value)
at OpenQA.Selenium.By.FindElement(ISearchContext context)
at OpenQA.Selenium.Support.PageObjects.DefaultElementLocatorFactory.LocateElement(ISearchContext searchContext, IEnumerable`1 bys)
at OpenQA.Selenium.Support.PageObjects.WebElementProxy.SendKeys(String text)
at GMail.Pages.ShortcutPage.GetColourMenu() in c:\Users\Irina_Pisarik\Documents\Visual Studio 2013\Projects\gmail\gmail\Pages\ShortcutPage.cs:line 37
at GMail.Handlers.ShortcutHandler.SetShortcutColour() in c:\Users\Irina_Pisarik\Documents\Visual Studio 2013\Projects\gmail\gmail\Handlers\ShortcutHandler.cs:line 33
at GMail._1._9.IsBothShortcutHasSameColour._Step_B_SetColour() in c:\Users\Irina_Pisarik\Documents\Visual Studio 2013\Projects\gmail\gmail\1.9\IsBothShortcutHasSameColour.cs:line 44
--WebException
at System.Net.HttpWebRequest.GetResponse()
at OpenQA.Selenium.Remote.HttpCommandExecutor.CreateResponse(WebRequest request)
]]></stack-trace>
                        </failure>
                      </test-case>
                      <test-case name="GMail._1._9.IsBothShortcutHasSameColour._Step_C_IsWriteColour" executed="True" result="Error" success="False" time="0.001" asserts="0">
                        <failure>
                          <message><![CDATA[System.NullReferenceException : Object reference not set to an instance of an object.]]></message>
                          <stack-trace><![CDATA[at GMail._1._9.IsBothShortcutHasSameColour._Step_C_IsWriteColour() in c:\Users\Irina_Pisarik\Documents\Visual Studio 2013\Projects\gmail\gmail\1.9\IsBothShortcutHasSameColour.cs:line 50
]]></stack-trace>
                        </failure>
                      </test-case>
                    </results>
                  </test-suite>
                </results>
              </test-suite>
            </results>
          </test-suite>
        </results>
      </test-suite>
    </results>
  </test-suite>
</test-results>