<?xml version="1.0" encoding="utf-8" standalone="no"?>
<!--This file represents the results of running a test suite-->
<test-results name="C:\Users\Irina_Pisarik\Documents\Visual Studio 2013\Projects\gmail\gmail\bin\debug\GMail.dll" total="47" errors="35" failures="12" not-run="0" inconclusive="0" ignored="0" skipped="0" invalid="0" date="2015-05-12" time="06:06:14">
  <environment nunit-version="2.6.4.14350" clr-version="2.0.50727.5485" os-version="Microsoft Windows NT 6.1.7601 Service Pack 1" platform="Win32NT" cwd="C:\Program Files (x86)\Jenkins\jobs\GMail\workspace" machine-name="EPBYMINW4455" user="Iryna_Pisaryk" user-domain="MINSK" />
  <culture-info current-culture="en-US" current-uiculture="en-US" />
  <test-suite type="Assembly" name="C:\Users\Irina_Pisarik\Documents\Visual Studio 2013\Projects\gmail\gmail\bin\debug\GMail.dll" executed="True" result="Failure" success="False" time="324.499" asserts="0">
    <results>
      <test-suite type="Namespace" name="GMail" executed="True" result="Failure" success="False" time="324.480" asserts="0">
        <results>
          <test-suite type="Namespace" name="_1" executed="True" result="Failure" success="False" time="324.480" asserts="0">
            <results>
              <test-suite type="Namespace" name="_1" executed="True" result="Failure" success="False" time="257.044" asserts="0">
                <results>
                  <test-suite type="TestFixture" name="IsSentLetterInSpam" executed="True" result="Failure" success="False" time="257.042" asserts="0">
                    <results>
                      <test-case name="GMail._1._1.IsSentLetterInSpam._Step_A_LoginFirstUser" executed="True" result="Error" success="False" time="60.754" asserts="0">
                        <failure>
                          <message><![CDATA[OpenQA.Selenium.WebDriverException : The HTTP request to the remote WebDriver server for URL http://localhost:7055/hub/session/b65549ca-d5c4-4d49-8f2e-9065a6c7611f/element timed out after 60 seconds.
  ----> System.Net.WebException : The operation has timed out]]></message>
                          <stack-trace><![CDATA[at OpenQA.Selenium.Remote.HttpCommandExecutor.CreateResponse(WebRequest request)
at OpenQA.Selenium.Firefox.FirefoxDriverCommandExecutor.Execute(Command commandToExecute)
at OpenQA.Selenium.Remote.RemoteWebDriver.Execute(String driverCommandToExecute, Dictionary`2 parameters)
at OpenQA.Selenium.Remote.RemoteWebDriver.FindElement(String mechanism, String value)
at OpenQA.Selenium.By.FindElement(ISearchContext context)
at OpenQA.Selenium.Support.PageObjects.DefaultElementLocatorFactory.LocateElement(ISearchContext searchContext, IEnumerable`1 bys)
at OpenQA.Selenium.Support.PageObjects.WebElementProxy.SendKeys(String text)
at GMail.Pages.LoginPage.SetPassword(String password) in c:\Users\Irina_Pisarik\Documents\Visual Studio 2013\Projects\gmail\gmail\Pages\loginPage.cs:line 40
at GMail.Handlers.LoginHandler.LoginUser(String adress, String password) in c:\Users\Irina_Pisarik\Documents\Visual Studio 2013\Projects\gmail\gmail\Handlers\LoginHandler.cs:line 25
at GMail._1._1.IsSentLetterInSpam._Step_A_LoginFirstUser() in c:\Users\Irina_Pisarik\Documents\Visual Studio 2013\Projects\gmail\gmail\1.1\IsSentLetterInSpam.cs:line 38
--WebException
at System.Net.HttpWebRequest.GetResponse()
at OpenQA.Selenium.Remote.HttpCommandExecutor.CreateResponse(WebRequest request)
]]></stack-trace>
                        </failure>
                      </test-case>
                      <test-case name="GMail._1._1.IsSentLetterInSpam._Step_B_SendLetterToSecondUser" executed="True" result="Error" success="False" time="0.013" asserts="0">
                        <failure>
                          <message><![CDATA[System.NullReferenceException : Object reference not set to an instance of an object.]]></message>
                          <stack-trace><![CDATA[at GMail._1._1.IsSentLetterInSpam._Step_B_SendLetterToSecondUser() in c:\Users\Irina_Pisarik\Documents\Visual Studio 2013\Projects\gmail\gmail\1.1\IsSentLetterInSpam.cs:line 44
]]></stack-trace>
                        </failure>
                      </test-case>
                      <test-case name="GMail._1._1.IsSentLetterInSpam._Step_C_LogoutFirstUser" executed="True" result="Error" success="False" time="0.001" asserts="0">
                        <failure>
                          <message><![CDATA[System.NullReferenceException : Object reference not set to an instance of an object.]]></message>
                          <stack-trace><![CDATA[at GMail._1._1.IsSentLetterInSpam._Step_C_LogoutFirstUser() in c:\Users\Irina_Pisarik\Documents\Visual Studio 2013\Projects\gmail\gmail\1.1\IsSentLetterInSpam.cs:line 52
]]></stack-trace>
                        </failure>
                      </test-case>
                      <test-case name="GMail._1._1.IsSentLetterInSpam._Step_D_LoginSecondUser" executed="True" result="Error" success="False" time="60.205" asserts="0">
                        <failure>
                          <message><![CDATA[OpenQA.Selenium.WebDriverException : The HTTP request to the remote WebDriver server for URL http://localhost:7055/hub/session/b65549ca-d5c4-4d49-8f2e-9065a6c7611f/element timed out after 60 seconds.
  ----> System.Net.WebException : The operation has timed out]]></message>
                          <stack-trace><![CDATA[at OpenQA.Selenium.Remote.HttpCommandExecutor.CreateResponse(WebRequest request)
at OpenQA.Selenium.Firefox.FirefoxDriverCommandExecutor.Execute(Command commandToExecute)
at OpenQA.Selenium.Remote.RemoteWebDriver.Execute(String driverCommandToExecute, Dictionary`2 parameters)
at OpenQA.Selenium.Remote.RemoteWebDriver.FindElement(String mechanism, String value)
at OpenQA.Selenium.By.FindElement(ISearchContext context)
at OpenQA.Selenium.Support.PageObjects.DefaultElementLocatorFactory.LocateElement(ISearchContext searchContext, IEnumerable`1 bys)
at OpenQA.Selenium.Support.PageObjects.WebElementProxy.SendKeys(String text)
at GMail.Pages.LoginPage.SetPassword(String password) in c:\Users\Irina_Pisarik\Documents\Visual Studio 2013\Projects\gmail\gmail\Pages\loginPage.cs:line 40
at GMail.Handlers.LoginHandler.LoginUser(String adress, String password) in c:\Users\Irina_Pisarik\Documents\Visual Studio 2013\Projects\gmail\gmail\Handlers\LoginHandler.cs:line 25
at GMail._1._1.IsSentLetterInSpam._Step_D_LoginSecondUser() in c:\Users\Irina_Pisarik\Documents\Visual Studio 2013\Projects\gmail\gmail\1.1\IsSentLetterInSpam.cs:line 58
--WebException
at System.Net.HttpWebRequest.GetResponse()
at OpenQA.Selenium.Remote.HttpCommandExecutor.CreateResponse(WebRequest request)
]]></stack-trace>
                        </failure>
                      </test-case>
                      <test-case name="GMail._1._1.IsSentLetterInSpam._Step_E_GetSentLetter" executed="True" result="Error" success="False" time="0.001" asserts="0">
                        <failure>
                          <message><![CDATA[System.NullReferenceException : Object reference not set to an instance of an object.]]></message>
                          <stack-trace><![CDATA[at GMail._1._1.IsSentLetterInSpam._Step_E_GetSentLetter() in c:\Users\Irina_Pisarik\Documents\Visual Studio 2013\Projects\gmail\gmail\1.1\IsSentLetterInSpam.cs:line 65
]]></stack-trace>
                        </failure>
                      </test-case>
                      <test-case name="GMail._1._1.IsSentLetterInSpam._Step_F_SendLetterIntoSpam" executed="True" result="Error" success="False" time="0.001" asserts="0">
                        <failure>
                          <message><![CDATA[System.NullReferenceException : Object reference not set to an instance of an object.]]></message>
                          <stack-trace><![CDATA[at GMail._1._1.IsSentLetterInSpam._Step_F_SendLetterIntoSpam() in c:\Users\Irina_Pisarik\Documents\Visual Studio 2013\Projects\gmail\gmail\1.1\IsSentLetterInSpam.cs:line 71
]]></stack-trace>
                        </failure>
                      </test-case>
                      <test-case name="GMail._1._1.IsSentLetterInSpam._Step_G_LogoutSecondUser" executed="True" result="Error" success="False" time="0.001" asserts="0">
                        <failure>
                          <message><![CDATA[System.NullReferenceException : Object reference not set to an instance of an object.]]></message>
                          <stack-trace><![CDATA[at GMail._1._1.IsSentLetterInSpam._Step_G_LogoutSecondUser() in c:\Users\Irina_Pisarik\Documents\Visual Studio 2013\Projects\gmail\gmail\1.1\IsSentLetterInSpam.cs:line 77
]]></stack-trace>
                        </failure>
                      </test-case>
                      <test-case name="GMail._1._1.IsSentLetterInSpam._Step_H_LoginFirstUser" executed="True" result="Error" success="False" time="61.218" asserts="0">
                        <failure>
                          <message><![CDATA[OpenQA.Selenium.WebDriverException : The HTTP request to the remote WebDriver server for URL http://localhost:7055/hub/session/b65549ca-d5c4-4d49-8f2e-9065a6c7611f/element timed out after 60 seconds.
  ----> System.Net.WebException : The operation has timed out]]></message>
                          <stack-trace><![CDATA[at OpenQA.Selenium.Remote.HttpCommandExecutor.CreateResponse(WebRequest request)
at OpenQA.Selenium.Firefox.FirefoxDriverCommandExecutor.Execute(Command commandToExecute)
at OpenQA.Selenium.Remote.RemoteWebDriver.Execute(String driverCommandToExecute, Dictionary`2 parameters)
at OpenQA.Selenium.Remote.RemoteWebDriver.FindElement(String mechanism, String value)
at OpenQA.Selenium.By.FindElement(ISearchContext context)
at OpenQA.Selenium.Support.PageObjects.DefaultElementLocatorFactory.LocateElement(ISearchContext searchContext, IEnumerable`1 bys)
at OpenQA.Selenium.Support.PageObjects.WebElementProxy.SendKeys(String text)
at GMail.Pages.LoginPage.SetPassword(String password) in c:\Users\Irina_Pisarik\Documents\Visual Studio 2013\Projects\gmail\gmail\Pages\loginPage.cs:line 40
at GMail.Handlers.LoginHandler.LoginUser(String adress, String password) in c:\Users\Irina_Pisarik\Documents\Visual Studio 2013\Projects\gmail\gmail\Handlers\LoginHandler.cs:line 25
at GMail._1._1.IsSentLetterInSpam._Step_H_LoginFirstUser() in c:\Users\Irina_Pisarik\Documents\Visual Studio 2013\Projects\gmail\gmail\1.1\IsSentLetterInSpam.cs:line 84
--WebException
at System.Net.HttpWebRequest.GetResponse()
at OpenQA.Selenium.Remote.HttpCommandExecutor.CreateResponse(WebRequest request)
]]></stack-trace>
                        </failure>
                      </test-case>
                      <test-case name="GMail._1._1.IsSentLetterInSpam._Step_I_SendLetterToSecondUser" executed="True" result="Error" success="False" time="0.001" asserts="0">
                        <failure>
                          <message><![CDATA[System.NullReferenceException : Object reference not set to an instance of an object.]]></message>
                          <stack-trace><![CDATA[at GMail._1._1.IsSentLetterInSpam._Step_I_SendLetterToSecondUser() in c:\Users\Irina_Pisarik\Documents\Visual Studio 2013\Projects\gmail\gmail\1.1\IsSentLetterInSpam.cs:line 90
]]></stack-trace>
                        </failure>
                      </test-case>
                      <test-case name="GMail._1._1.IsSentLetterInSpam._Step_J_LogoutFirstUser" executed="True" result="Error" success="False" time="0.001" asserts="0">
                        <failure>
                          <message><![CDATA[System.NullReferenceException : Object reference not set to an instance of an object.]]></message>
                          <stack-trace><![CDATA[at GMail._1._1.IsSentLetterInSpam._Step_J_LogoutFirstUser() in c:\Users\Irina_Pisarik\Documents\Visual Studio 2013\Projects\gmail\gmail\1.1\IsSentLetterInSpam.cs:line 98
]]></stack-trace>
                        </failure>
                      </test-case>
                      <test-case name="GMail._1._1.IsSentLetterInSpam._Step_K_LoginSecondUser" executed="True" result="Error" success="False" time="60.205" asserts="0">
                        <failure>
                          <message><![CDATA[OpenQA.Selenium.WebDriverException : The HTTP request to the remote WebDriver server for URL http://localhost:7055/hub/session/b65549ca-d5c4-4d49-8f2e-9065a6c7611f/element timed out after 60 seconds.
  ----> System.Net.WebException : The operation has timed out]]></message>
                          <stack-trace><![CDATA[at OpenQA.Selenium.Remote.HttpCommandExecutor.CreateResponse(WebRequest request)
at OpenQA.Selenium.Firefox.FirefoxDriverCommandExecutor.Execute(Command commandToExecute)
at OpenQA.Selenium.Remote.RemoteWebDriver.Execute(String driverCommandToExecute, Dictionary`2 parameters)
at OpenQA.Selenium.Remote.RemoteWebDriver.FindElement(String mechanism, String value)
at OpenQA.Selenium.By.FindElement(ISearchContext context)
at OpenQA.Selenium.Support.PageObjects.DefaultElementLocatorFactory.LocateElement(ISearchContext searchContext, IEnumerable`1 bys)
at OpenQA.Selenium.Support.PageObjects.WebElementProxy.SendKeys(String text)
at GMail.Pages.LoginPage.SetPassword(String password) in c:\Users\Irina_Pisarik\Documents\Visual Studio 2013\Projects\gmail\gmail\Pages\loginPage.cs:line 40
at GMail.Handlers.LoginHandler.LoginUser(String adress, String password) in c:\Users\Irina_Pisarik\Documents\Visual Studio 2013\Projects\gmail\gmail\Handlers\LoginHandler.cs:line 25
at GMail._1._1.IsSentLetterInSpam._Step_K_LoginSecondUser() in c:\Users\Irina_Pisarik\Documents\Visual Studio 2013\Projects\gmail\gmail\1.1\IsSentLetterInSpam.cs:line 104
--WebException
at System.Net.HttpWebRequest.GetResponse()
at OpenQA.Selenium.Remote.HttpCommandExecutor.CreateResponse(WebRequest request)
]]></stack-trace>
                        </failure>
                      </test-case>
                      <test-case name="GMail._1._1.IsSentLetterInSpam._Step_L_GoIntoSpam" executed="True" result="Error" success="False" time="0.001" asserts="0">
                        <failure>
                          <message><![CDATA[System.NullReferenceException : Object reference not set to an instance of an object.]]></message>
                          <stack-trace><![CDATA[at GMail._1._1.IsSentLetterInSpam._Step_L_GoIntoSpam() in c:\Users\Irina_Pisarik\Documents\Visual Studio 2013\Projects\gmail\gmail\1.1\IsSentLetterInSpam.cs:line 110
]]></stack-trace>
                        </failure>
                      </test-case>
                      <test-case name="GMail._1._1.IsSentLetterInSpam._Step_M_IsNeededLetterInSpam" executed="True" result="Error" success="False" time="0.001" asserts="0">
                        <failure>
                          <message><![CDATA[System.NullReferenceException : Object reference not set to an instance of an object.]]></message>
                          <stack-trace><![CDATA[at GMail._1._1.IsSentLetterInSpam._Step_M_IsNeededLetterInSpam() in c:\Users\Irina_Pisarik\Documents\Visual Studio 2013\Projects\gmail\gmail\1.1\IsSentLetterInSpam.cs:line 116
]]></stack-trace>
                        </failure>
                      </test-case>
                    </results>
                  </test-suite>
                </results>
              </test-suite>
              <test-suite type="Namespace" name="_10" executed="True" result="Failure" success="False" time="67.177" asserts="0">
                <results>
                  <test-suite type="TestFixture" name="IsShortcutsDeleted" executed="True" result="Error" success="False" time="67.177" asserts="0">
                    <failure>
                      <message><![CDATA[SetUp : OpenQA.Selenium.WebDriverException : The HTTP request to the remote WebDriver server for URL http://localhost:7055/hub/session/246cfa14-6374-4fde-ae34-5e71a2132889/element timed out after 60 seconds.
  ----> System.Net.WebException : The operation has timed out]]></message>
                      <stack-trace><![CDATA[at OpenQA.Selenium.Remote.HttpCommandExecutor.CreateResponse(WebRequest request)
at OpenQA.Selenium.Firefox.FirefoxDriverCommandExecutor.Execute(Command commandToExecute)
at OpenQA.Selenium.Remote.RemoteWebDriver.Execute(String driverCommandToExecute, Dictionary`2 parameters)
at OpenQA.Selenium.Remote.RemoteWebDriver.FindElement(String mechanism, String value)
at OpenQA.Selenium.By.FindElement(ISearchContext context)
at OpenQA.Selenium.Support.PageObjects.DefaultElementLocatorFactory.LocateElement(ISearchContext searchContext, IEnumerable`1 bys)
at OpenQA.Selenium.Support.PageObjects.WebElementProxy.SendKeys(String text)
at GMail.Pages.LoginPage.SetPassword(String password) in c:\Users\Irina_Pisarik\Documents\Visual Studio 2013\Projects\gmail\gmail\Pages\loginPage.cs:line 40
at GMail.Handlers.LoginHandler.LoginUser(String adress, String password) in c:\Users\Irina_Pisarik\Documents\Visual Studio 2013\Projects\gmail\gmail\Handlers\LoginHandler.cs:line 25
at GMail._1._10.IsShortcutsDeleted.BeforeTests() in c:\Users\Irina_Pisarik\Documents\Visual Studio 2013\Projects\gmail\gmail\1.9_10\IsShortcutsDeleted.cs:line 29
--WebException
at System.Net.HttpWebRequest.GetResponse()
at OpenQA.Selenium.Remote.HttpCommandExecutor.CreateResponse(WebRequest request)
]]></stack-trace>
                    </failure>
                    <results>
                      <test-case name="GMail._1._10.IsShortcutsDeleted._Step_A_ShotcutDialog" executed="True" result="Failure" success="False" time="0.000" asserts="0">
                        <failure>
                          <message><![CDATA[TestFixtureSetUp failed in IsShortcutsDeleted]]></message>
                          <stack-trace />
                        </failure>
                      </test-case>
                      <test-case name="GMail._1._10.IsShortcutsDeleted._Step_B_PrepareToDelete" executed="True" result="Failure" success="False" time="0.000" asserts="0">
                        <failure>
                          <message><![CDATA[TestFixtureSetUp failed in IsShortcutsDeleted]]></message>
                          <stack-trace />
                        </failure>
                      </test-case>
                    </results>
                  </test-suite>
                </results>
              </test-suite>
              <test-suite type="Namespace" name="_2" executed="True" result="Failure" success="False" time="0.069" asserts="0">
                <results>
                  <test-suite type="TestFixture" name="IsGotForwardForLetter" executed="True" result="Failure" success="False" time="0.069" asserts="0">
                    <results>
                      <test-case name="GMail._1._2.IsGotForwardForLetter._Step_A_LoginSecondUser" executed="True" result="Error" success="False" time="0.029" asserts="0">
                        <failure>
                          <message><![CDATA[System.ArgumentNullException : searchContext may not be null
Parameter name: searchContext]]></message>
                          <stack-trace><![CDATA[at OpenQA.Selenium.Support.PageObjects.DefaultElementLocatorFactory.LocateElement(ISearchContext searchContext, IEnumerable`1 bys)
at OpenQA.Selenium.Support.PageObjects.WebElementProxy.SendKeys(String text)
at GMail.Pages.LoginPage.SetEmail(String adress) in c:\Users\Irina_Pisarik\Documents\Visual Studio 2013\Projects\gmail\gmail\Pages\loginPage.cs:line 35
at GMail.Handlers.LoginHandler.LoginUser(String adress, String password) in c:\Users\Irina_Pisarik\Documents\Visual Studio 2013\Projects\gmail\gmail\Handlers\LoginHandler.cs:line 24
at GMail._1._2.IsGotForwardForLetter._Step_A_LoginSecondUser() in c:\Users\Irina_Pisarik\Documents\Visual Studio 2013\Projects\gmail\gmail\1.2\IsGotForwardForLetter.cs:line 36
]]></stack-trace>
                        </failure>
                      </test-case>
                      <test-case name="GMail._1._2.IsGotForwardForLetter._Step_B_MoveIntoSettings" executed="True" result="Error" success="False" time="0.001" asserts="0">
                        <failure>
                          <message><![CDATA[System.NullReferenceException : Object reference not set to an instance of an object.]]></message>
                          <stack-trace><![CDATA[at GMail._1._2.IsGotForwardForLetter._Step_B_MoveIntoSettings() in c:\Users\Irina_Pisarik\Documents\Visual Studio 2013\Projects\gmail\gmail\1.2\IsGotForwardForLetter.cs:line 42
]]></stack-trace>
                        </failure>
                      </test-case>
                      <test-case name="GMail._1._2.IsGotForwardForLetter._Step_C_MoveIntoFofward" executed="True" result="Error" success="False" time="0.001" asserts="0">
                        <failure>
                          <message><![CDATA[System.NullReferenceException : Object reference not set to an instance of an object.]]></message>
                          <stack-trace><![CDATA[at GMail._1._2.IsGotForwardForLetter._Step_C_MoveIntoFofward() in c:\Users\Irina_Pisarik\Documents\Visual Studio 2013\Projects\gmail\gmail\1.2\IsGotForwardForLetter.cs:line 49
]]></stack-trace>
                        </failure>
                      </test-case>
                      <test-case name="GMail._1._2.IsGotForwardForLetter._Step_D_SetForwardAdress" executed="True" result="Error" success="False" time="0.001" asserts="0">
                        <failure>
                          <message><![CDATA[System.NullReferenceException : Object reference not set to an instance of an object.]]></message>
                          <stack-trace><![CDATA[at GMail._1._2.IsGotForwardForLetter._Step_D_SetForwardAdress() in c:\Users\Irina_Pisarik\Documents\Visual Studio 2013\Projects\gmail\gmail\1.2\IsGotForwardForLetter.cs:line 55
]]></stack-trace>
                        </failure>
                      </test-case>
                      <test-case name="GMail._1._2.IsGotForwardForLetter._Step_E_SetFofwardParams" executed="True" result="Error" success="False" time="0.001" asserts="0">
                        <failure>
                          <message><![CDATA[System.NullReferenceException : Object reference not set to an instance of an object.]]></message>
                          <stack-trace><![CDATA[at GMail._1._2.IsGotForwardForLetter._Step_E_SetFofwardParams() in c:\Users\Irina_Pisarik\Documents\Visual Studio 2013\Projects\gmail\gmail\1.2\IsGotForwardForLetter.cs:line 61
]]></stack-trace>
                        </failure>
                      </test-case>
                      <test-case name="GMail._1._2.IsGotForwardForLetter._Step_F_LogoutSecondUser" executed="True" result="Error" success="False" time="0.001" asserts="0">
                        <failure>
                          <message><![CDATA[System.NullReferenceException : Object reference not set to an instance of an object.]]></message>
                          <stack-trace><![CDATA[at GMail._1._2.IsGotForwardForLetter._Step_F_LogoutSecondUser() in c:\Users\Irina_Pisarik\Documents\Visual Studio 2013\Projects\gmail\gmail\1.2\IsGotForwardForLetter.cs:line 67
]]></stack-trace>
                        </failure>
                      </test-case>
                      <test-case name="GMail._1._2.IsGotForwardForLetter._Step_G_LoginThirdUser" executed="True" result="Error" success="False" time="0.001" asserts="0">
                        <failure>
                          <message><![CDATA[System.ArgumentNullException : searchContext may not be null
Parameter name: searchContext]]></message>
                          <stack-trace><![CDATA[at OpenQA.Selenium.Support.PageObjects.DefaultElementLocatorFactory.LocateElement(ISearchContext searchContext, IEnumerable`1 bys)
at OpenQA.Selenium.Support.PageObjects.WebElementProxy.SendKeys(String text)
at GMail.Pages.LoginPage.SetEmail(String adress) in c:\Users\Irina_Pisarik\Documents\Visual Studio 2013\Projects\gmail\gmail\Pages\loginPage.cs:line 35
at GMail.Handlers.LoginHandler.LoginUser(String adress, String password) in c:\Users\Irina_Pisarik\Documents\Visual Studio 2013\Projects\gmail\gmail\Handlers\LoginHandler.cs:line 24
at GMail._1._2.IsGotForwardForLetter._Step_G_LoginThirdUser() in c:\Users\Irina_Pisarik\Documents\Visual Studio 2013\Projects\gmail\gmail\1.2\IsGotForwardForLetter.cs:line 73
]]></stack-trace>
                        </failure>
                      </test-case>
                      <test-case name="GMail._1._2.IsGotForwardForLetter._Step_H_ConfirmForward" executed="True" result="Error" success="False" time="0.025" asserts="0">
                        <failure>
                          <message><![CDATA[System.NullReferenceException : Object reference not set to an instance of an object.]]></message>
                          <stack-trace><![CDATA[at GMail._1._2.IsGotForwardForLetter._Step_H_ConfirmForward() in c:\Users\Irina_Pisarik\Documents\Visual Studio 2013\Projects\gmail\gmail\1.2\IsGotForwardForLetter.cs:line 79
]]></stack-trace>
                        </failure>
                      </test-case>
                    </results>
                  </test-suite>
                </results>
              </test-suite>
              <test-suite type="Namespace" name="_3" executed="True" result="Failure" success="False" time="0.024" asserts="0">
                <results>
                  <test-suite type="TestFixture" name="IsItPossibleToAttachFileWithSizeMoreThenPermitted" executed="True" result="Failure" success="False" time="0.024" asserts="0">
                    <results>
                      <test-case name="GMail._1._3.IsItPossibleToAttachFileWithSizeMoreThenPermitted._Step_A_LoginUser" executed="True" result="Error" success="False" time="0.016" asserts="0">
                        <failure>
                          <message><![CDATA[System.ArgumentNullException : searchContext may not be null
Parameter name: searchContext]]></message>
                          <stack-trace><![CDATA[at OpenQA.Selenium.Support.PageObjects.DefaultElementLocatorFactory.LocateElement(ISearchContext searchContext, IEnumerable`1 bys)
at OpenQA.Selenium.Support.PageObjects.WebElementProxy.SendKeys(String text)
at GMail.Pages.LoginPage.SetEmail(String adress) in c:\Users\Irina_Pisarik\Documents\Visual Studio 2013\Projects\gmail\gmail\Pages\loginPage.cs:line 35
at GMail.Handlers.LoginHandler.LoginUser(String adress, String password) in c:\Users\Irina_Pisarik\Documents\Visual Studio 2013\Projects\gmail\gmail\Handlers\LoginHandler.cs:line 24
at GMail._1._3.IsItPossibleToAttachFileWithSizeMoreThenPermitted._Step_A_LoginUser() in c:\Users\Irina_Pisarik\Documents\Visual Studio 2013\Projects\gmail\gmail\1.3\IsItPossibleToAttachFileWithSizeMoreThenPermitted.cs:line 33
]]></stack-trace>
                        </failure>
                      </test-case>
                      <test-case name="GMail._1._3.IsItPossibleToAttachFileWithSizeMoreThenPermitted._Step_B_CreateMessage" executed="True" result="Error" success="False" time="0.001" asserts="0">
                        <failure>
                          <message><![CDATA[System.NullReferenceException : Object reference not set to an instance of an object.]]></message>
                          <stack-trace><![CDATA[at GMail._1._3.IsItPossibleToAttachFileWithSizeMoreThenPermitted._Step_B_CreateMessage() in c:\Users\Irina_Pisarik\Documents\Visual Studio 2013\Projects\gmail\gmail\1.3\IsItPossibleToAttachFileWithSizeMoreThenPermitted.cs:line 40
]]></stack-trace>
                        </failure>
                      </test-case>
                      <test-case name="GMail._1._3.IsItPossibleToAttachFileWithSizeMoreThenPermitted._Step_C_AttachFile" executed="True" result="Error" success="False" time="0.001" asserts="0">
                        <failure>
                          <message><![CDATA[System.NullReferenceException : Object reference not set to an instance of an object.]]></message>
                          <stack-trace><![CDATA[at GMail._1._3.IsItPossibleToAttachFileWithSizeMoreThenPermitted._Step_C_AttachFile() in c:\Users\Irina_Pisarik\Documents\Visual Studio 2013\Projects\gmail\gmail\1.3\IsItPossibleToAttachFileWithSizeMoreThenPermitted.cs:line 46
]]></stack-trace>
                        </failure>
                      </test-case>
                      <test-case name="GMail._1._3.IsItPossibleToAttachFileWithSizeMoreThenPermitted._Step_D_DidAttachFile" executed="True" result="Error" success="False" time="0.001" asserts="0">
                        <failure>
                          <message><![CDATA[System.NullReferenceException : Object reference not set to an instance of an object.]]></message>
                          <stack-trace><![CDATA[at GMail._1._3.IsItPossibleToAttachFileWithSizeMoreThenPermitted._Step_D_DidAttachFile() in c:\Users\Irina_Pisarik\Documents\Visual Studio 2013\Projects\gmail\gmail\1.3\IsItPossibleToAttachFileWithSizeMoreThenPermitted.cs:line 52
]]></stack-trace>
                        </failure>
                      </test-case>
                    </results>
                  </test-suite>
                </results>
              </test-suite>
              <test-suite type="Namespace" name="_4" executed="True" result="Inconclusive" success="False" time="0.001" asserts="0">
                <results>
                  <test-suite type="TestFixture" name="IsItPossibleToLoadPictureWithAnIncorrectExtension" executed="True" result="Inconclusive" success="False" time="0.000" asserts="0" />
                </results>
              </test-suite>
              <test-suite type="Namespace" name="_5" executed="True" result="Failure" success="False" time="0.028" asserts="0">
                <results>
                  <test-suite type="TestFixture" name="SendLetterWithEmoticon" executed="True" result="Failure" success="False" time="0.027" asserts="0">
                    <results>
                      <test-case name="GMail._1._5.SendLetterWithEmoticon._Step_A_LoginFirstUser" executed="True" result="Error" success="False" time="0.016" asserts="0">
                        <failure>
                          <message><![CDATA[System.ArgumentNullException : searchContext may not be null
Parameter name: searchContext]]></message>
                          <stack-trace><![CDATA[at OpenQA.Selenium.Support.PageObjects.DefaultElementLocatorFactory.LocateElement(ISearchContext searchContext, IEnumerable`1 bys)
at OpenQA.Selenium.Support.PageObjects.WebElementProxy.SendKeys(String text)
at GMail.Pages.LoginPage.SetEmail(String adress) in c:\Users\Irina_Pisarik\Documents\Visual Studio 2013\Projects\gmail\gmail\Pages\loginPage.cs:line 35
at GMail.Handlers.LoginHandler.LoginUser(String adress, String password) in c:\Users\Irina_Pisarik\Documents\Visual Studio 2013\Projects\gmail\gmail\Handlers\LoginHandler.cs:line 24
at GMail._1._5.SendLetterWithEmoticon._Step_A_LoginFirstUser() in c:\Users\Irina_Pisarik\Documents\Visual Studio 2013\Projects\gmail\gmail\1.5\SendLetterWithEmoticon.cs:line 39
]]></stack-trace>
                        </failure>
                      </test-case>
                      <test-case name="GMail._1._5.SendLetterWithEmoticon._Step_B_CreateLetterToSecondUser" executed="True" result="Error" success="False" time="0.001" asserts="0">
                        <failure>
                          <message><![CDATA[System.NullReferenceException : Object reference not set to an instance of an object.]]></message>
                          <stack-trace><![CDATA[at GMail._1._5.SendLetterWithEmoticon._Step_B_CreateLetterToSecondUser() in c:\Users\Irina_Pisarik\Documents\Visual Studio 2013\Projects\gmail\gmail\1.5\SendLetterWithEmoticon.cs:line 45
]]></stack-trace>
                        </failure>
                      </test-case>
                      <test-case name="GMail._1._5.SendLetterWithEmoticon._Step_C_SetEmoticons" executed="True" result="Error" success="False" time="0.001" asserts="0">
                        <failure>
                          <message><![CDATA[System.NullReferenceException : Object reference not set to an instance of an object.]]></message>
                          <stack-trace><![CDATA[at GMail._1._5.SendLetterWithEmoticon._Step_C_SetEmoticons() in c:\Users\Irina_Pisarik\Documents\Visual Studio 2013\Projects\gmail\gmail\1.5\SendLetterWithEmoticon.cs:line 52
]]></stack-trace>
                        </failure>
                      </test-case>
                      <test-case name="GMail._1._5.SendLetterWithEmoticon._Step_D_TapIntoSendButton" executed="True" result="Error" success="False" time="0.001" asserts="0">
                        <failure>
                          <message><![CDATA[System.NullReferenceException : Object reference not set to an instance of an object.]]></message>
                          <stack-trace><![CDATA[at GMail._1._5.SendLetterWithEmoticon._Step_D_TapIntoSendButton() in c:\Users\Irina_Pisarik\Documents\Visual Studio 2013\Projects\gmail\gmail\1.5\SendLetterWithEmoticon.cs:line 59
]]></stack-trace>
                        </failure>
                      </test-case>
                      <test-case name="GMail._1._5.SendLetterWithEmoticon._Step_E_GetSentLetter" executed="True" result="Error" success="False" time="0.001" asserts="0">
                        <failure>
                          <message><![CDATA[System.NullReferenceException : Object reference not set to an instance of an object.]]></message>
                          <stack-trace><![CDATA[at GMail._1._5.SendLetterWithEmoticon._Step_E_GetSentLetter() in c:\Users\Irina_Pisarik\Documents\Visual Studio 2013\Projects\gmail\gmail\1.5\SendLetterWithEmoticon.cs:line 67
]]></stack-trace>
                        </failure>
                      </test-case>
                      <test-case name="GMail._1._5.SendLetterWithEmoticon._Step_F_IsSentLetterContainsCorrectEmoticons" executed="True" result="Error" success="False" time="0.001" asserts="0">
                        <failure>
                          <message><![CDATA[System.NullReferenceException : Object reference not set to an instance of an object.]]></message>
                          <stack-trace><![CDATA[at GMail._1._5.SendLetterWithEmoticon._Step_F_IsSentLetterContainsCorrectEmoticons() in c:\Users\Irina_Pisarik\Documents\Visual Studio 2013\Projects\gmail\gmail\1.5\SendLetterWithEmoticon.cs:line 74
]]></stack-trace>
                        </failure>
                      </test-case>
                    </results>
                  </test-suite>
                </results>
              </test-suite>
              <test-suite type="Namespace" name="_6" executed="True" result="Failure" success="False" time="0.025" asserts="0">
                <results>
                  <test-suite type="TestFixture" name="IsUserThemeChange" executed="True" result="Failure" success="False" time="0.025" asserts="0">
                    <results>
                      <test-case name="GMail._1._6.IsUserThemeChange._Step_A_LoginFistUser" executed="True" result="Error" success="False" time="0.017" asserts="0">
                        <failure>
                          <message><![CDATA[System.ArgumentNullException : searchContext may not be null
Parameter name: searchContext]]></message>
                          <stack-trace><![CDATA[at OpenQA.Selenium.Support.PageObjects.DefaultElementLocatorFactory.LocateElement(ISearchContext searchContext, IEnumerable`1 bys)
at OpenQA.Selenium.Support.PageObjects.WebElementProxy.SendKeys(String text)
at GMail.Pages.LoginPage.SetEmail(String adress) in c:\Users\Irina_Pisarik\Documents\Visual Studio 2013\Projects\gmail\gmail\Pages\loginPage.cs:line 35
at GMail.Handlers.LoginHandler.LoginUser(String adress, String password) in c:\Users\Irina_Pisarik\Documents\Visual Studio 2013\Projects\gmail\gmail\Handlers\LoginHandler.cs:line 24
at GMail._1._6.IsUserThemeChange._Step_A_LoginFistUser() in c:\Users\Irina_Pisarik\Documents\Visual Studio 2013\Projects\gmail\gmail\1.6\IsUserThemeChange.cs:line 34
]]></stack-trace>
                        </failure>
                      </test-case>
                      <test-case name="GMail._1._6.IsUserThemeChange._Step_B_GoToTheSettings" executed="True" result="Error" success="False" time="0.001" asserts="0">
                        <failure>
                          <message><![CDATA[System.NullReferenceException : Object reference not set to an instance of an object.]]></message>
                          <stack-trace><![CDATA[at GMail._1._6.IsUserThemeChange._Step_B_GoToTheSettings() in c:\Users\Irina_Pisarik\Documents\Visual Studio 2013\Projects\gmail\gmail\1.6\IsUserThemeChange.cs:line 40
]]></stack-trace>
                        </failure>
                      </test-case>
                      <test-case name="GMail._1._6.IsUserThemeChange._Step_C_GetTheme" executed="True" result="Error" success="False" time="0.001" asserts="0">
                        <failure>
                          <message><![CDATA[System.NullReferenceException : Object reference not set to an instance of an object.]]></message>
                          <stack-trace><![CDATA[at GMail._1._6.IsUserThemeChange._Step_C_GetTheme() in c:\Users\Irina_Pisarik\Documents\Visual Studio 2013\Projects\gmail\gmail\1.6\IsUserThemeChange.cs:line 46
]]></stack-trace>
                        </failure>
                      </test-case>
                      <test-case name="GMail._1._6.IsUserThemeChange._Step_C_SetTheme" executed="True" result="Error" success="False" time="0.001" asserts="0">
                        <failure>
                          <message><![CDATA[System.NullReferenceException : Object reference not set to an instance of an object.]]></message>
                          <stack-trace><![CDATA[at GMail._1._6.IsUserThemeChange._Step_C_SetTheme() in c:\Users\Irina_Pisarik\Documents\Visual Studio 2013\Projects\gmail\gmail\1.6\IsUserThemeChange.cs:line 53
]]></stack-trace>
                        </failure>
                      </test-case>
                    </results>
                  </test-suite>
                </results>
              </test-suite>
              <test-suite type="Namespace" name="_7" executed="True" result="Failure" success="False" time="0.020" asserts="0">
                <results>
                  <test-suite type="TestFixture" name="SendLetterWithMeeting" executed="True" result="Error" success="False" time="0.019" asserts="0">
                    <failure>
                      <message><![CDATA[SetUp : System.ArgumentNullException : searchContext may not be null
Parameter name: searchContext]]></message>
                      <stack-trace><![CDATA[at OpenQA.Selenium.Support.PageObjects.DefaultElementLocatorFactory.LocateElement(ISearchContext searchContext, IEnumerable`1 bys)
at OpenQA.Selenium.Support.PageObjects.WebElementProxy.SendKeys(String text)
at GMail.Pages.LoginPage.SetEmail(String adress) in c:\Users\Irina_Pisarik\Documents\Visual Studio 2013\Projects\gmail\gmail\Pages\loginPage.cs:line 35
at GMail.Handlers.LoginHandler.LoginUser(String adress, String password) in c:\Users\Irina_Pisarik\Documents\Visual Studio 2013\Projects\gmail\gmail\Handlers\LoginHandler.cs:line 24
at GMail._1._7.SendLetterWithMeeting.BeforeTests() in c:\Users\Irina_Pisarik\Documents\Visual Studio 2013\Projects\gmail\gmail\1.7\SendLetterWithMeeting.cs:line 28
]]></stack-trace>
                    </failure>
                    <results>
                      <test-case name="GMail._1._7.SendLetterWithMeeting._Step_A_GetNewLetter" executed="True" result="Failure" success="False" time="0.000" asserts="0">
                        <failure>
                          <message><![CDATA[TestFixtureSetUp failed in SendLetterWithMeeting]]></message>
                          <stack-trace />
                        </failure>
                      </test-case>
                      <test-case name="GMail._1._7.SendLetterWithMeeting._Step_B_WriteDestination" executed="True" result="Failure" success="False" time="0.000" asserts="0">
                        <failure>
                          <message><![CDATA[TestFixtureSetUp failed in SendLetterWithMeeting]]></message>
                          <stack-trace />
                        </failure>
                      </test-case>
                      <test-case name="GMail._1._7.SendLetterWithMeeting._Step_C_TapIntoPaperclipIcon" executed="True" result="Failure" success="False" time="0.000" asserts="0">
                        <failure>
                          <message><![CDATA[TestFixtureSetUp failed in SendLetterWithMeeting]]></message>
                          <stack-trace />
                        </failure>
                      </test-case>
                    </results>
                  </test-suite>
                </results>
              </test-suite>
              <test-suite type="Namespace" name="_8" executed="True" result="Failure" success="False" time="0.021" asserts="0">
                <results>
                  <test-suite type="TestFixture" name="IsShortcutCreated" executed="True" result="Error" success="False" time="0.021" asserts="0">
                    <failure>
                      <message><![CDATA[SetUp : System.ArgumentNullException : searchContext may not be null
Parameter name: searchContext]]></message>
                      <stack-trace><![CDATA[at OpenQA.Selenium.Support.PageObjects.DefaultElementLocatorFactory.LocateElement(ISearchContext searchContext, IEnumerable`1 bys)
at OpenQA.Selenium.Support.PageObjects.WebElementProxy.SendKeys(String text)
at GMail.Pages.LoginPage.SetEmail(String adress) in c:\Users\Irina_Pisarik\Documents\Visual Studio 2013\Projects\gmail\gmail\Pages\loginPage.cs:line 35
at GMail.Handlers.LoginHandler.LoginUser(String adress, String password) in c:\Users\Irina_Pisarik\Documents\Visual Studio 2013\Projects\gmail\gmail\Handlers\LoginHandler.cs:line 24
at GMail._1._8.IsShortcutCreated.BeforeTests() in c:\Users\Irina_Pisarik\Documents\Visual Studio 2013\Projects\gmail\gmail\1.8\IsShortcutCreated.cs:line 29
]]></stack-trace>
                    </failure>
                    <results>
                      <test-case name="GMail._1._8.IsShortcutCreated._Step_A_ShotcutDialog" executed="True" result="Failure" success="False" time="0.000" asserts="0">
                        <failure>
                          <message><![CDATA[TestFixtureSetUp failed in IsShortcutCreated]]></message>
                          <stack-trace />
                        </failure>
                      </test-case>
                      <test-case name="GMail._1._8.IsShortcutCreated._Step_B_PreparingToCreateNewShortcut" executed="True" result="Failure" success="False" time="0.000" asserts="0">
                        <failure>
                          <message><![CDATA[TestFixtureSetUp failed in IsShortcutCreated]]></message>
                          <stack-trace />
                        </failure>
                      </test-case>
                      <test-case name="GMail._1._8.IsShortcutCreated._Step_C_CreateNewShortcut" executed="True" result="Failure" success="False" time="0.000" asserts="0">
                        <failure>
                          <message><![CDATA[TestFixtureSetUp failed in IsShortcutCreated]]></message>
                          <stack-trace />
                        </failure>
                      </test-case>
                      <test-case name="GMail._1._8.IsShortcutCreated._Step_D_IsNewShortcutExist" executed="True" result="Failure" success="False" time="0.000" asserts="0">
                        <failure>
                          <message><![CDATA[TestFixtureSetUp failed in IsShortcutCreated]]></message>
                          <stack-trace />
                        </failure>
                      </test-case>
                    </results>
                  </test-suite>
                </results>
              </test-suite>
              <test-suite type="Namespace" name="_9" executed="True" result="Failure" success="False" time="0.019" asserts="0">
                <results>
                  <test-suite type="TestFixture" name="IsBothShortcutHasSameColour" executed="True" result="Error" success="False" time="0.019" asserts="0">
                    <failure>
                      <message><![CDATA[SetUp : System.ArgumentNullException : searchContext may not be null
Parameter name: searchContext]]></message>
                      <stack-trace><![CDATA[at OpenQA.Selenium.Support.PageObjects.DefaultElementLocatorFactory.LocateElement(ISearchContext searchContext, IEnumerable`1 bys)
at OpenQA.Selenium.Support.PageObjects.WebElementProxy.SendKeys(String text)
at GMail.Pages.LoginPage.SetEmail(String adress) in c:\Users\Irina_Pisarik\Documents\Visual Studio 2013\Projects\gmail\gmail\Pages\loginPage.cs:line 35
at GMail.Handlers.LoginHandler.LoginUser(String adress, String password) in c:\Users\Irina_Pisarik\Documents\Visual Studio 2013\Projects\gmail\gmail\Handlers\LoginHandler.cs:line 24
at GMail._1._9.IsBothShortcutHasSameColour.BeforeTests() in c:\Users\Irina_Pisarik\Documents\Visual Studio 2013\Projects\gmail\gmail\1.9\IsBothShortcutHasSameColour.cs:line 30
]]></stack-trace>
                    </failure>
                    <results>
                      <test-case name="GMail._1._9.IsBothShortcutHasSameColour._Step_A_ShotcutDialog" executed="True" result="Failure" success="False" time="0.000" asserts="0">
                        <failure>
                          <message><![CDATA[TestFixtureSetUp failed in IsBothShortcutHasSameColour]]></message>
                          <stack-trace />
                        </failure>
                      </test-case>
                      <test-case name="GMail._1._9.IsBothShortcutHasSameColour._Step_B_SetColour" executed="True" result="Failure" success="False" time="0.000" asserts="0">
                        <failure>
                          <message><![CDATA[TestFixtureSetUp failed in IsBothShortcutHasSameColour]]></message>
                          <stack-trace />
                        </failure>
                      </test-case>
                      <test-case name="GMail._1._9.IsBothShortcutHasSameColour._Step_C_IsWriteColour" executed="True" result="Failure" success="False" time="0.000" asserts="0">
                        <failure>
                          <message><![CDATA[TestFixtureSetUp failed in IsBothShortcutHasSameColour]]></message>
                          <stack-trace />
                        </failure>
                      </test-case>
                    </results>
                  </test-suite>
                </results>
              </test-suite>
            </results>
          </test-suite>
        </results>
      </test-suite>
    </results>
  </test-suite>
</test-results>