<?xml version="1.0" encoding="utf-8" standalone="no"?>
<!--This file represents the results of running a test suite-->
<test-results name="C:\Users\Irina_Pisarik\Documents\Visual Studio 2013\Projects\gmail\gmail\bin\debug\GMail.dll" total="2" errors="0" failures="0" not-run="0" inconclusive="0" ignored="0" skipped="0" invalid="0" date="2015-04-29" time="13:54:35">
  <environment nunit-version="2.6.4.14350" clr-version="2.0.50727.5485" os-version="Microsoft Windows NT 6.1.7601 Service Pack 1" platform="Win32NT" cwd="C:\Program Files (x86)\NUnit 2.6.4\bin" machine-name="EPBYMINW4455" user="Iryna_Pisaryk" user-domain="MINSK" />
  <culture-info current-culture="en-US" current-uiculture="en-US" />
  <test-suite type="Assembly" name="C:\Users\Irina_Pisarik\Documents\Visual Studio 2013\Projects\gmail\gmail\bin\debug\GMail.dll" executed="True" result="Success" success="True" time="17.940" asserts="0">
    <results>
      <test-suite type="Namespace" name="GMail" executed="True" result="Success" success="True" time="17.939" asserts="0">
        <results>
          <test-suite type="Namespace" name="_1" executed="True" result="Success" success="True" time="17.939" asserts="0">
            <results>
              <test-suite type="Namespace" name="_10" executed="True" result="Success" success="True" time="17.939" asserts="0">
                <results>
                  <test-suite type="TestFixture" name="IsShortcutsDeleted" executed="True" result="Success" success="True" time="17.938" asserts="0">
                    <results>
                      <test-case name="GMail._1._10.IsShortcutsDeleted._Step_A_ShotcutDialog" executed="True" result="Success" success="True" time="4.890" asserts="0" />
                      <test-case name="GMail._1._10.IsShortcutsDeleted._Step_B_PrepareToDelete" executed="True" result="Success" success="True" time="1.418" asserts="0" />
                    </results>
                  </test-suite>
                </results>
              </test-suite>
            </results>
          </test-suite>
        </results>
      </test-suite>
    </results>
  </test-suite>
</test-results>